[0.009s] Invoking command in '/home/robo/ros2_ws_mt/build/executor': CMAKE_PREFIX_PATH=/opt/ros/humble /home/robo/.local/bin/cmake --build /home/robo/ros2_ws_mt/build/executor -- -j20 -l20
[0.040s] [ 50%] [32mBuilding CXX object CMakeFiles/thread.dir/src/multithread.cpp.o[0m
[1.161s] [01m[K/home/robo/ros2_ws_mt/src/executor/src/multithread.cpp:[m[K In constructor â€˜[01m[KLowTimer::LowTimer(float)[m[Kâ€™:
[1.161s] [01m[K/home/robo/ros2_ws_mt/src/executor/src/multithread.cpp:17:36:[m[K [01;31m[Kerror: [m[Kâ€˜[01m[KLowtimer[m[Kâ€™ has not been declared
[1.161s]    17 |                 1000ms, std::bind(&[01;31m[KLowtimer[m[K::lowtimer_callback, this));
[1.161s]       |                                    [01;31m[K^~~~~~~~[m[K
[1.420s] gmake[2]: *** [CMakeFiles/thread.dir/build.make:76: CMakeFiles/thread.dir/src/multithread.cpp.o] Error 1
[1.420s] gmake[1]: *** [CMakeFiles/Makefile2:137: CMakeFiles/thread.dir/all] Error 2
[1.420s] gmake: *** [Makefile:146: all] Error 2
[1.424s] Invoked command in '/home/robo/ros2_ws_mt/build/executor' returned '2': CMAKE_PREFIX_PATH=/opt/ros/humble /home/robo/.local/bin/cmake --build /home/robo/ros2_ws_mt/build/executor -- -j20 -l20
