[01m[K/home/robo/ros2_ws_mt/src/executor/src/multithread.cpp:5:22:[m[K [01;31m[Kerror: [m[Kâ€˜[01m[Kalternated[m[Kâ€™ is not a namespace-name
    5 | using namespace std::[01;31m[Kalternated[m[K timer
      |                      [01;31m[K^~~~~~~~~~[m[K
[01m[K/home/robo/ros2_ws_mt/src/executor/src/multithread.cpp:5:32:[m[K [01;31m[Kerror: [m[Kexpected â€˜[01m[K;[m[Kâ€™ before â€˜[01m[Ktimer[m[Kâ€™
    5 | using namespace std::alternated[01;31m[K [m[K[32m[Ktimer[m[K
      |                                [01;31m[K^[m[K[32m[K~~~~~[m[K
      |                                [32m[K;[m[K
[01m[K/home/robo/ros2_ws_mt/src/executor/src/multithread.cpp:5:33:[m[K [01;31m[Kerror: [m[Kâ€˜[01m[Ktimer[m[Kâ€™ does not name a type; did you mean â€˜[01m[Ktimex[m[Kâ€™?
    5 | using namespace std::alternated [01;31m[Ktimer[m[K
      |                                 [01;31m[K^~~~~[m[K
      |                                 [32m[Ktimex[m[K
gmake[2]: *** [CMakeFiles/thread.dir/build.make:76: CMakeFiles/thread.dir/src/multithread.cpp.o] Error 1
gmake[1]: *** [CMakeFiles/Makefile2:137: CMakeFiles/thread.dir/all] Error 2
gmake: *** [Makefile:146: all] Error 2
