[0.010s] Invoking command in '/home/robo/ros2_ws_mt/build/executor': CMAKE_PREFIX_PATH=/opt/ros/humble /home/robo/.local/bin/cmake --build /home/robo/ros2_ws_mt/build/executor -- -j20 -l20
[0.036s] [ 50%] [32mBuilding CXX object CMakeFiles/thread.dir/src/multithread.cpp.o[0m
[1.124s] [01m[K/home/robo/ros2_ws_mt/src/executor/src/multithread.cpp:5:22:[m[K [01;31m[Kerror: [m[Kâ€˜[01m[Kalternated[m[Kâ€™ is not a namespace-name
[1.124s]     5 | using namespace std::[01;31m[Kalternated[m[K timer
[1.124s]       |                      [01;31m[K^~~~~~~~~~[m[K
[1.124s] [01m[K/home/robo/ros2_ws_mt/src/executor/src/multithread.cpp:5:32:[m[K [01;31m[Kerror: [m[Kexpected â€˜[01m[K;[m[Kâ€™ before â€˜[01m[Ktimer[m[Kâ€™
[1.124s]     5 | using namespace std::alternated[01;31m[K [m[K[32m[Ktimer[m[K
[1.124s]       |                                [01;31m[K^[m[K[32m[K~~~~~[m[K
[1.124s]       |                                [32m[K;[m[K
[1.124s] [01m[K/home/robo/ros2_ws_mt/src/executor/src/multithread.cpp:5:33:[m[K [01;31m[Kerror: [m[Kâ€˜[01m[Ktimer[m[Kâ€™ does not name a type; did you mean â€˜[01m[Ktimex[m[Kâ€™?
[1.124s]     5 | using namespace std::alternated [01;31m[Ktimer[m[K
[1.124s]       |                                 [01;31m[K^~~~~[m[K
[1.124s]       |                                 [32m[Ktimex[m[K
[1.335s] gmake[2]: *** [CMakeFiles/thread.dir/build.make:76: CMakeFiles/thread.dir/src/multithread.cpp.o] Error 1
[1.335s] gmake[1]: *** [CMakeFiles/Makefile2:137: CMakeFiles/thread.dir/all] Error 2
[1.335s] gmake: *** [Makefile:146: all] Error 2
[1.339s] Invoked command in '/home/robo/ros2_ws_mt/build/executor' returned '2': CMAKE_PREFIX_PATH=/opt/ros/humble /home/robo/.local/bin/cmake --build /home/robo/ros2_ws_mt/build/executor -- -j20 -l20
