[0.006s] Invoking command in '/home/robo/ros2_ws_mt/build/executor': CMAKE_PREFIX_PATH=/opt/ros/humble /home/robo/.local/bin/cmake --build /home/robo/ros2_ws_mt/build/executor -- -j20 -l20
[0.028s] -- Found ament_cmake: 1.3.5 (/opt/ros/humble/share/ament_cmake/cmake)
[0.145s] -- Found rclcpp: 16.0.5 (/opt/ros/humble/share/rclcpp/cmake)
[0.165s] -- Found rosidl_generator_c: 3.1.5 (/opt/ros/humble/share/rosidl_generator_c/cmake)
[0.166s] -- Found rosidl_adapter: 3.1.5 (/opt/ros/humble/share/rosidl_adapter/cmake)
[0.171s] -- Found rosidl_generator_cpp: 3.1.5 (/opt/ros/humble/share/rosidl_generator_cpp/cmake)
[0.178s] -- Using all available rosidl_typesupport_c: rosidl_typesupport_fastrtps_c;rosidl_typesupport_introspection_c
[0.190s] -- Using all available rosidl_typesupport_cpp: rosidl_typesupport_fastrtps_cpp;rosidl_typesupport_introspection_cpp
[0.228s] -- Found rmw_implementation_cmake: 6.1.1 (/opt/ros/humble/share/rmw_implementation_cmake/cmake)
[0.229s] -- Found rmw_fastrtps_cpp: 6.2.3 (/opt/ros/humble/share/rmw_fastrtps_cpp/cmake)
[0.299s] -- Using RMW implementation 'rmw_fastrtps_cpp' as default
[0.401s] -- Found nav_msgs: 4.2.3 (/opt/ros/humble/share/nav_msgs/cmake)
[0.515s] -- Configuring done (0.5s)
[0.520s] -- Generating done (0.0s)
[0.521s] -- Build files have been written to: /home/robo/ros2_ws_mt/build/executor
[0.537s] [ 50%] [32mBuilding CXX object CMakeFiles/thread.dir/src/multithread.cpp.o[0m
[1.634s] [01m[K/home/robo/ros2_ws_mt/src/executor/src/multithread.cpp:13:1:[m[K [01;31m[Kerror: [m[Kexpected class-name before â€˜[01m[K{[m[Kâ€™ token
[1.634s]    13 | [01;31m[K{[m[K
[1.634s]       | [01;31m[K^[m[K
[1.636s] [01m[K/home/robo/ros2_ws_mt/src/executor/src/multithread.cpp:[m[K In constructor â€˜[01m[KLowTimer::LowTimer(float)[m[Kâ€™:
[1.637s] [01m[K/home/robo/ros2_ws_mt/src/executor/src/multithread.cpp:15:37:[m[K [01;31m[Kerror: [m[Kclass â€˜[01m[KLowTimer[m[Kâ€™ does not have any field named â€˜[01m[KNode[m[Kâ€™
[1.637s]    15 |         LowTimer(float low_timer) : [01;31m[KNode[m[K("low_subscriber") {
[1.637s]       |                                     [01;31m[K^~~~[m[K
[1.637s] [01m[K/home/robo/ros2_ws_mt/src/executor/src/multithread.cpp:16:19:[m[K [01;31m[Kerror: [m[Kâ€˜[01m[Kclass LowTimer[m[Kâ€™ has no member named â€˜[01m[Klow_wait[m[Kâ€™
[1.637s]    16 |             this->[01;31m[Klow_wait[m[K = low_timer;
[1.637s]       |                   [01;31m[K^~~~~~~~[m[K
[1.640s] [01m[K/home/robo/ros2_ws_mt/src/executor/src/multithread.cpp:17:13:[m[K [01;31m[Kerror: [m[Kâ€˜[01m[Klowtimer_[m[Kâ€™ was not declared in this scope; did you mean â€˜[01m[KLowTimer[m[Kâ€™?
[1.640s]    17 |             [01;31m[Klowtimer_[m[K = this->create_wall_timer(
[1.640s]       |             [01;31m[K^~~~~~~~~[m[K
[1.640s]       |             [32m[KLowTimer[m[K
[1.640s] [01m[K/home/robo/ros2_ws_mt/src/executor/src/multithread.cpp:17:31:[m[K [01;31m[Kerror: [m[Kâ€˜[01m[Kclass LowTimer[m[Kâ€™ has no member named â€˜[01m[Kcreate_wall_timer[m[Kâ€™
[1.640s]    17 |             lowtimer_ = this->[01;31m[Kcreate_wall_timer[m[K(
[1.640s]       |                               [01;31m[K^~~~~~~~~~~~~~~~~[m[K
[1.640s] [01m[K/home/robo/ros2_ws_mt/src/executor/src/multithread.cpp:18:36:[m[K [01;31m[Kerror: [m[Kâ€˜[01m[KLowtimer[m[Kâ€™ has not been declared
[1.640s]    18 |                 1000ms, std::bind(&[01;31m[KLowtimer[m[K::lowtimer_callback, this));
[1.641s]       |                                    [01;31m[K^~~~~~~~[m[K
[1.641s] [01m[K/home/robo/ros2_ws_mt/src/executor/src/multithread.cpp:[m[K In member function â€˜[01m[Kvoid LowTimer::lowtimer_callback()[m[Kâ€™:
[1.641s] [01m[K/home/robo/ros2_ws_mt/src/executor/src/multithread.cpp:23:25:[m[K [01;31m[Kerror: [m[Kâ€˜[01m[Kclass LowTimer[m[Kâ€™ has no member named â€˜[01m[Klow_wait[m[Kâ€™
[1.641s]    23 |             sleep(this->[01;31m[Klow_wait[m[K)
[1.641s]       |                         [01;31m[K^~~~~~~~[m[K
[1.641s] [01m[K/home/robo/ros2_ws_mt/src/executor/src/multithread.cpp:26:31:[m[K [01;31m[Kerror: [m[Kâ€˜[01m[Kclass LowTimer[m[Kâ€™ has no member named â€˜[01m[Kget_logger[m[Kâ€™
[1.641s]    26 |             RCLCPP_info(this->[01;31m[Kget_logger[m[K(), "%s Times", message.data.c_str());
[1.641s]       |                               [01;31m[K^~~~~~~~~~[m[K
[1.643s] [01m[K/home/robo/ros2_ws_mt/src/executor/src/multithread.cpp:26:57:[m[K [01;31m[Kerror: [m[Kâ€˜[01m[Kmessage[m[Kâ€™ was not declared in this scope
[1.643s]    26 |             RCLCPP_info(this->get_logger(), "%s Times", [01;31m[Kmessage[m[K.data.c_str());
[1.643s]       |                                                         [01;31m[K^~~~~~~[m[K
[1.646s] [01m[K/home/robo/ros2_ws_mt/src/executor/src/multithread.cpp:26:13:[m[K [01;31m[Kerror: [m[Kâ€˜[01m[KRCLCPP_info[m[Kâ€™ was not declared in this scope; did you mean â€˜[01m[KRCLCPP_INFO[m[Kâ€™?
[1.646s]    26 |             [01;31m[KRCLCPP_info[m[K(this->get_logger(), "%s Times", message.data.c_str());
[1.646s]       |             [01;31m[K^~~~~~~~~~~[m[K
[1.647s]       |             [32m[KRCLCPP_INFO[m[K
[1.649s] [01m[K/home/robo/ros2_ws_mt/src/executor/src/multithread.cpp:[m[K In function â€˜[01m[Kint main(int, char**)[m[Kâ€™:
[1.650s] [01m[K/home/robo/ros2_ws_mt/src/executor/src/multithread.cpp:39:36:[m[K [01;31m[Kerror: [m[Kâ€˜[01m[Klow_sleep[m[Kâ€™ was not declared in this scope
[1.650s]    39 |         std::make_shared<LowTimer>([01;31m[Klow_sleep[m[K);
[1.650s]       |                                    [01;31m[K^~~~~~~~~[m[K
[1.650s] In file included from [01m[K/opt/ros/humble/include/rclcpp/rclcpp/client.hpp:40[m[K,
[1.650s]                  from [01m[K/opt/ros/humble/include/rclcpp/rclcpp/callback_group.hpp:24[m[K,
[1.650s]                  from [01m[K/opt/ros/humble/include/rclcpp/rclcpp/any_executable.hpp:20[m[K,
[1.650s]                  from [01m[K/opt/ros/humble/include/rclcpp/rclcpp/memory_strategy.hpp:25[m[K,
[1.650s]                  from [01m[K/opt/ros/humble/include/rclcpp/rclcpp/memory_strategies.hpp:18[m[K,
[1.650s]                  from [01m[K/opt/ros/humble/include/rclcpp/rclcpp/executor_options.hpp:20[m[K,
[1.650s]                  from [01m[K/opt/ros/humble/include/rclcpp/rclcpp/executor.hpp:37[m[K,
[1.650s]                  from [01m[K/opt/ros/humble/include/rclcpp/rclcpp/executors/multi_threaded_executor.hpp:25[m[K,
[1.650s]                  from [01m[K/opt/ros/humble/include/rclcpp/rclcpp/executors.hpp:21[m[K,
[1.650s]                  from [01m[K/opt/ros/humble/include/rclcpp/rclcpp/rclcpp.hpp:155[m[K,
[1.650s]                  from [01m[K/home/robo/ros2_ws_mt/src/executor/src/multithread.cpp:1[m[K:
[1.650s] [01m[K/home/robo/ros2_ws_mt/src/executor/src/multithread.cpp:41:27:[m[K [01;31m[Kerror: [m[Kâ€˜[01m[Kusing element_type = class LowTimer[m[Kâ€™ {aka â€˜[01m[Kclass LowTimer[m[Kâ€™} has no member named â€˜[01m[Kget_logger[m[Kâ€™
[1.650s]    41 |     RCLCPP_INFO(low_node->[01;31m[Kget_logger[m[K(), "low_time_node INFO: ");
[1.650s]       |                           [01;31m[K^~~~~~~~~~[m[K
[1.650s] [01m[K/home/robo/ros2_ws_mt/src/executor/src/multithread.cpp:41:27:[m[K [01;31m[Kerror: [m[Kâ€˜[01m[Kusing element_type = class LowTimer[m[Kâ€™ {aka â€˜[01m[Kclass LowTimer[m[Kâ€™} has no member named â€˜[01m[Kget_logger[m[Kâ€™
[1.650s] [01m[K/home/robo/ros2_ws_mt/src/executor/src/multithread.cpp:41:5:[m[K [01;31m[Kerror: [m[Ktemplate argument 1 is invalid
[1.650s]    41 |     [01;31m[KRCLCPP_INFO[m[K(low_node->get_logger(), "low_time_node INFO: ");
[1.650s]       |     [01;31m[K^~~~~~~~~~~[m[K
[1.650s] [01m[K/home/robo/ros2_ws_mt/src/executor/src/multithread.cpp:41:5:[m[K [01;31m[Kerror: [m[Kâ€˜[01m[K<declaration error>[m[Kâ€™ is not a template [[01;31m[K]8;;https://gcc.gnu.org/onlinedocs/gcc/Warning-Options.html#index-fpermissive-fpermissive]8;;[m[K]
[1.650s]    41 |     [01;31m[KRCLCPP_INFO[m[K(low_node->get_logger(), "low_time_node INFO: ");
[1.650s]       |     [01;31m[K^~~~~~~~~~~[m[K
[1.650s] [01m[K/home/robo/ros2_ws_mt/src/executor/src/multithread.cpp:41:5:[m[K [01;31m[Kerror: [m[Ktemplate argument 1 is invalid
[1.650s]    41 |     [01;31m[KRCLCPP_INFO[m[K(low_node->get_logger(), "low_time_node INFO: ");
[1.650s]       |     [01;31m[K^~~~~~~~~~~[m[K
[1.650s] [01m[K/home/robo/ros2_ws_mt/src/executor/src/multithread.cpp:41:5:[m[K [01;31m[Kerror: [m[Kâ€˜[01m[K<declaration error>[m[Kâ€™ is not a template [[01;31m[K]8;;https://gcc.gnu.org/onlinedocs/gcc/Warning-Options.html#index-fpermissive-fpermissive]8;;[m[K]
[1.650s]    41 |     [01;31m[KRCLCPP_INFO[m[K(low_node->get_logger(), "low_time_node INFO: ");
[1.650s]       |     [01;31m[K^~~~~~~~~~~[m[K
[1.651s] [01m[K/home/robo/ros2_ws_mt/src/executor/src/multithread.cpp:41:5:[m[K [01;31m[Kerror: [m[Ktemplate argument 1 is invalid
[1.651s]    41 |     [01;31m[KRCLCPP_INFO[m[K(low_node->get_logger(), "low_time_node INFO: ");
[1.651s]       |     [01;31m[K^~~~~~~~~~~[m[K
[1.651s] In file included from [01m[K/opt/ros/humble/include/rclcpp/rclcpp/logging.hpp:24[m[K,
[1.651s]                  from [01m[K/opt/ros/humble/include/rclcpp/rclcpp/client.hpp:40[m[K,
[1.651s]                  from [01m[K/opt/ros/humble/include/rclcpp/rclcpp/callback_group.hpp:24[m[K,
[1.651s]                  from [01m[K/opt/ros/humble/include/rclcpp/rclcpp/any_executable.hpp:20[m[K,
[1.651s]                  from [01m[K/opt/ros/humble/include/rclcpp/rclcpp/memory_strategy.hpp:25[m[K,
[1.651s]                  from [01m[K/opt/ros/humble/include/rclcpp/rclcpp/memory_strategies.hpp:18[m[K,
[1.651s]                  from [01m[K/opt/ros/humble/include/rclcpp/rclcpp/executor_options.hpp:20[m[K,
[1.651s]                  from [01m[K/opt/ros/humble/include/rclcpp/rclcpp/executor.hpp:37[m[K,
[1.651s]                  from [01m[K/opt/ros/humble/include/rclcpp/rclcpp/executors/multi_threaded_executor.hpp:25[m[K,
[1.651s]                  from [01m[K/opt/ros/humble/include/rclcpp/rclcpp/executors.hpp:21[m[K,
[1.651s]                  from [01m[K/opt/ros/humble/include/rclcpp/rclcpp/rclcpp.hpp:155[m[K,
[1.651s]                  from [01m[K/home/robo/ros2_ws_mt/src/executor/src/multithread.cpp:1[m[K:
[1.651s] [01m[K/home/robo/ros2_ws_mt/src/executor/src/multithread.cpp:41:27:[m[K [01;31m[Kerror: [m[Kâ€˜[01m[Kusing element_type = class LowTimer[m[Kâ€™ {aka â€˜[01m[Kclass LowTimer[m[Kâ€™} has no member named â€˜[01m[Kget_logger[m[Kâ€™
[1.651s]    41 |     RCLCPP_INFO(low_node->[01;31m[Kget_logger[m[K(), "low_time_node INFO: ");
[1.651s]       |                           [01;31m[K^~~~~~~~~~[m[K
[1.651s] [01m[K/home/robo/ros2_ws_mt/src/executor/src/multithread.cpp:41:27:[m[K [01;31m[Kerror: [m[Kâ€˜[01m[Kusing element_type = class LowTimer[m[Kâ€™ {aka â€˜[01m[Kclass LowTimer[m[Kâ€™} has no member named â€˜[01m[Kget_logger[m[Kâ€™
[1.651s]    41 |     RCLCPP_INFO(low_node->[01;31m[Kget_logger[m[K(), "low_time_node INFO: ");
[1.651s]       |                           [01;31m[K^~~~~~~~~~[m[K
[1.651s] [01m[K/home/robo/ros2_ws_mt/src/executor/src/multithread.cpp:45:22:[m[K [01;31m[Kerror: [m[Kno matching function for call to â€˜[01m[Krclcpp::executors::MultiThreadedExecutor::add_node(std::shared_ptr<LowTimer>&)[m[Kâ€™
[1.651s]    45 |     [01;31m[Kexecutor.add_node(low_node)[m[K;
[1.651s]       |     [01;31m[K~~~~~~~~~~~~~~~~~^~~~~~~~~~[m[K
[1.651s] In file included from [01m[K/opt/ros/humble/include/rclcpp/rclcpp/executors/multi_threaded_executor.hpp:25[m[K,
[1.651s]                  from [01m[K/opt/ros/humble/include/rclcpp/rclcpp/executors.hpp:21[m[K,
[1.651s]                  from [01m[K/opt/ros/humble/include/rclcpp/rclcpp/rclcpp.hpp:155[m[K,
[1.651s]                  from [01m[K/home/robo/ros2_ws_mt/src/executor/src/multithread.cpp:1[m[K:
[1.651s] [01m[K/opt/ros/humble/include/rclcpp/rclcpp/executor.hpp:201:3:[m[K [01;36m[Knote: [m[Kcandidate: â€˜[01m[Kvirtual void rclcpp::Executor::add_node(rclcpp::node_interfaces::NodeBaseInterface::SharedPtr, bool)[m[Kâ€™
[1.651s]   201 |   [01;36m[Kadd_node[m[K(rclcpp::node_interfaces::NodeBaseInterface::SharedPtr node_ptr, bool notify = true);
[1.651s]       |   [01;36m[K^~~~~~~~[m[K
[1.651s] [01m[K/opt/ros/humble/include/rclcpp/rclcpp/executor.hpp:201:66:[m[K [01;36m[Knote: [m[K  no known conversion for argument 1 from â€˜[01m[Kshared_ptr<[01;32m[KLowTimer[m[K>[m[Kâ€™ to â€˜[01m[Kshared_ptr<[01;32m[Krclcpp::node_interfaces::NodeBaseInterface[m[K>[m[Kâ€™
[1.651s]   201 |   add_node([01;36m[Krclcpp::node_interfaces::NodeBaseInterface::SharedPtr node_ptr[m[K, bool notify = true);
[1.651s]       |            [01;36m[K~~~~~~~~~~~~~~~~~~~~~~~~~~~~~~~~~~~~~~~~~~~~~~~~~~~~~~^~~~~~~~[m[K
[1.651s] [01m[K/opt/ros/humble/include/rclcpp/rclcpp/executor.hpp:209:3:[m[K [01;36m[Knote: [m[Kcandidate: â€˜[01m[Kvirtual void rclcpp::Executor::add_node(std::shared_ptr<rclcpp::Node>, bool)[m[Kâ€™
[1.651s]   209 |   [01;36m[Kadd_node[m[K(std::shared_ptr<rclcpp::Node> node_ptr, bool notify = true);
[1.651s]       |   [01;36m[K^~~~~~~~[m[K
[1.651s] [01m[K/opt/ros/humble/include/rclcpp/rclcpp/executor.hpp:209:42:[m[K [01;36m[Knote: [m[K  no known conversion for argument 1 from â€˜[01m[Kshared_ptr<[01;32m[KLowTimer[m[K>[m[Kâ€™ to â€˜[01m[Kshared_ptr<[01;32m[Krclcpp::Node[m[K>[m[Kâ€™
[1.651s]   209 |   add_node([01;36m[Kstd::shared_ptr<rclcpp::Node> node_ptr[m[K, bool notify = true);
[1.651s]       |            [01;36m[K~~~~~~~~~~~~~~~~~~~~~~~~~~~~~~^~~~~~~~[m[K
[1.651s] [01m[K/home/robo/ros2_ws_mt/src/executor/src/multithread.cpp:37:11:[m[K [01;35m[Kwarning: [m[Kunused variable â€˜[01m[Klow_timer[m[Kâ€™ [[01;35m[K]8;;https://gcc.gnu.org/onlinedocs/gcc/Warning-Options.html#index-Wunused-variable-Wunused-variable]8;;[m[K]
[1.651s]    37 |     float [01;35m[Klow_timer[m[K = 5.0;
[1.651s]       |           [01;35m[K^~~~~~~~~[m[K
[1.865s] gmake[2]: *** [CMakeFiles/thread.dir/build.make:76: CMakeFiles/thread.dir/src/multithread.cpp.o] Error 1
[1.865s] gmake[1]: *** [CMakeFiles/Makefile2:137: CMakeFiles/thread.dir/all] Error 2
[1.865s] gmake: *** [Makefile:146: all] Error 2
[1.869s] Invoked command in '/home/robo/ros2_ws_mt/build/executor' returned '2': CMAKE_PREFIX_PATH=/opt/ros/humble /home/robo/.local/bin/cmake --build /home/robo/ros2_ws_mt/build/executor -- -j20 -l20
