[01m[K/home/robo/ros2_ws_mt/src/executor/src/multithread.cpp:2:10:[m[K [01;31m[Kfatal error: [m[Knav_msgs/nav_msgs/odometry.hpp: No such file or directory
    2 | #include [01;31m[K<nav_msgs/nav_msgs/odometry.hpp>[m[K
      |          [01;31m[K^~~~~~~~~~~~~~~~~~~~~~~~~~~~~~~~[m[K
compilation terminated.
gmake[2]: *** [CMakeFiles/thread.dir/build.make:76: CMakeFiles/thread.dir/src/multithread.cpp.o] Error 1
gmake[1]: *** [CMakeFiles/Makefile2:137: CMakeFiles/thread.dir/all] Error 2
gmake: *** [Makefile:146: all] Error 2
