[ 50%] [32mBuilding CXX object CMakeFiles/thread.dir/src/multithread.cpp.o[0m
[01m[K/home/robo/ros2_ws_mt/src/executor/src/multithread.cpp:[m[K In constructor â€˜[01m[KLowTimer::LowTimer(float)[m[Kâ€™:
[01m[K/home/robo/ros2_ws_mt/src/executor/src/multithread.cpp:15:19:[m[K [01;31m[Kerror: [m[Kâ€˜[01m[Kclass LowTimer[m[Kâ€™ has no member named â€˜[01m[Klow_wait[m[Kâ€™
   15 |             this->[01;31m[Klow_wait[m[K = low_timer;
      |                   [01;31m[K^~~~~~~~[m[K
[01m[K/home/robo/ros2_ws_mt/src/executor/src/multithread.cpp:16:13:[m[K [01;31m[Kerror: [m[Kâ€˜[01m[Klowtimer_[m[Kâ€™ was not declared in this scope; did you mean â€˜[01m[KLowTimer[m[Kâ€™?
   16 |             [01;31m[Klowtimer_[m[K = this->create_wall_timer(
      |             [01;31m[K^~~~~~~~~[m[K
      |             [32m[KLowTimer[m[K
[01m[K/home/robo/ros2_ws_mt/src/executor/src/multithread.cpp:17:36:[m[K [01;31m[Kerror: [m[Kâ€˜[01m[KLowtimer[m[Kâ€™ has not been declared
   17 |                 1000ms, std::bind(&[01;31m[KLowtimer[m[K::lowtimer_callback, this));
      |                                    [01;31m[K^~~~~~~~[m[K
[01m[K/home/robo/ros2_ws_mt/src/executor/src/multithread.cpp:[m[K In member function â€˜[01m[Kvoid LowTimer::lowtimer_callback()[m[Kâ€™:
[01m[K/home/robo/ros2_ws_mt/src/executor/src/multithread.cpp:22:25:[m[K [01;31m[Kerror: [m[Kâ€˜[01m[Kclass LowTimer[m[Kâ€™ has no member named â€˜[01m[Klow_wait[m[Kâ€™
   22 |             sleep(this->[01;31m[Klow_wait[m[K);
      |                         [01;31m[K^~~~~~~~[m[K
[01m[K/home/robo/ros2_ws_mt/src/executor/src/multithread.cpp:[m[K In function â€˜[01m[Kint main(int, char**)[m[Kâ€™:
[01m[K/home/robo/ros2_ws_mt/src/executor/src/multithread.cpp:38:36:[m[K [01;31m[Kerror: [m[Kâ€˜[01m[Klow_sleep[m[Kâ€™ was not declared in this scope
   38 |         std::make_shared<LowTimer>([01;31m[Klow_sleep[m[K);
      |                                    [01;31m[K^~~~~~~~~[m[K
[01m[K/home/robo/ros2_ws_mt/src/executor/src/multithread.cpp:36:11:[m[K [01;35m[Kwarning: [m[Kunused variable â€˜[01m[Klow_timer[m[Kâ€™ [[01;35m[K]8;;https://gcc.gnu.org/onlinedocs/gcc/Warning-Options.html#index-Wunused-variable-Wunused-variable]8;;[m[K]
   36 |     float [01;35m[Klow_timer[m[K = 5.0;
      |           [01;35m[K^~~~~~~~~[m[K
gmake[2]: *** [CMakeFiles/thread.dir/build.make:76: CMakeFiles/thread.dir/src/multithread.cpp.o] Error 1
gmake[1]: *** [CMakeFiles/Makefile2:137: CMakeFiles/thread.dir/all] Error 2
gmake: *** [Makefile:146: all] Error 2
