[0.007s] Invoking command in '/home/robo/ros2_ws_mt/build/executor': CMAKE_PREFIX_PATH=/opt/ros/humble /home/robo/.local/bin/cmake --build /home/robo/ros2_ws_mt/build/executor -- -j20 -l20
[0.039s] [ 50%] [32mBuilding CXX object CMakeFiles/thread.dir/src/multithread.cpp.o[0m
[1.155s] [01m[K/home/robo/ros2_ws_mt/src/executor/src/multithread.cpp:[m[K In constructor â€˜[01m[KLowTimer::LowTimer(float)[m[Kâ€™:
[1.155s] [01m[K/home/robo/ros2_ws_mt/src/executor/src/multithread.cpp:15:19:[m[K [01;31m[Kerror: [m[Kâ€˜[01m[Kclass LowTimer[m[Kâ€™ has no member named â€˜[01m[Klow_wait[m[Kâ€™
[1.155s]    15 |             this->[01;31m[Klow_wait[m[K = low_timer;
[1.156s]       |                   [01;31m[K^~~~~~~~[m[K
[1.159s] [01m[K/home/robo/ros2_ws_mt/src/executor/src/multithread.cpp:16:13:[m[K [01;31m[Kerror: [m[Kâ€˜[01m[Klowtimer_[m[Kâ€™ was not declared in this scope; did you mean â€˜[01m[KLowTimer[m[Kâ€™?
[1.159s]    16 |             [01;31m[Klowtimer_[m[K = this->create_wall_timer(
[1.159s]       |             [01;31m[K^~~~~~~~~[m[K
[1.159s]       |             [32m[KLowTimer[m[K
[1.159s] [01m[K/home/robo/ros2_ws_mt/src/executor/src/multithread.cpp:17:36:[m[K [01;31m[Kerror: [m[Kâ€˜[01m[KLowtimer[m[Kâ€™ has not been declared
[1.159s]    17 |                 1000ms, std::bind(&[01;31m[KLowtimer[m[K::lowtimer_callback, this));
[1.159s]       |                                    [01;31m[K^~~~~~~~[m[K
[1.159s] [01m[K/home/robo/ros2_ws_mt/src/executor/src/multithread.cpp:[m[K In member function â€˜[01m[Kvoid LowTimer::lowtimer_callback()[m[Kâ€™:
[1.159s] [01m[K/home/robo/ros2_ws_mt/src/executor/src/multithread.cpp:22:25:[m[K [01;31m[Kerror: [m[Kâ€˜[01m[Kclass LowTimer[m[Kâ€™ has no member named â€˜[01m[Klow_wait[m[Kâ€™
[1.159s]    22 |             sleep(this->[01;31m[Klow_wait[m[K);
[1.159s]       |                         [01;31m[K^~~~~~~~[m[K
[1.162s] [01m[K/home/robo/ros2_ws_mt/src/executor/src/multithread.cpp:[m[K In function â€˜[01m[Kint main(int, char**)[m[Kâ€™:
[1.162s] [01m[K/home/robo/ros2_ws_mt/src/executor/src/multithread.cpp:38:36:[m[K [01;31m[Kerror: [m[Kâ€˜[01m[Klow_sleep[m[Kâ€™ was not declared in this scope
[1.162s]    38 |         std::make_shared<LowTimer>([01;31m[Klow_sleep[m[K);
[1.162s]       |                                    [01;31m[K^~~~~~~~~[m[K
[1.163s] [01m[K/home/robo/ros2_ws_mt/src/executor/src/multithread.cpp:36:11:[m[K [01;35m[Kwarning: [m[Kunused variable â€˜[01m[Klow_timer[m[Kâ€™ [[01;35m[K]8;;https://gcc.gnu.org/onlinedocs/gcc/Warning-Options.html#index-Wunused-variable-Wunused-variable]8;;[m[K]
[1.163s]    36 |     float [01;35m[Klow_timer[m[K = 5.0;
[1.163s]       |           [01;35m[K^~~~~~~~~[m[K
[1.418s] gmake[2]: *** [CMakeFiles/thread.dir/build.make:76: CMakeFiles/thread.dir/src/multithread.cpp.o] Error 1
[1.419s] gmake[1]: *** [CMakeFiles/Makefile2:137: CMakeFiles/thread.dir/all] Error 2
[1.419s] gmake: *** [Makefile:146: all] Error 2
[1.423s] Invoked command in '/home/robo/ros2_ws_mt/build/executor' returned '2': CMAKE_PREFIX_PATH=/opt/ros/humble /home/robo/.local/bin/cmake --build /home/robo/ros2_ws_mt/build/executor -- -j20 -l20
